── Attaching core tidyverse packages ──────────────────────── tidyverse 2.0.0 ──
✔ dplyr     1.2.0     ✔ readr     2.2.0
✔ forcats   1.0.1     ✔ stringr   1.6.0
✔ ggplot2   4.0.2     ✔ tibble    3.3.1
✔ lubridate 1.9.5     ✔ tidyr     1.3.2
✔ purrr     1.2.1     
── Conflicts ────────────────────────────────────────── tidyverse_conflicts() ──
✖ dplyr::filter() masks stats::filter()
✖ dplyr::lag()    masks stats::lag()
ℹ Use the conflicted package (<http://conflicted.r-lib.org/>) to force all conflicts to become errors
Warning messages:
1: package ‘ggplot2’ was built under R version 4.5.2 
2: package ‘tibble’ was built under R version 4.5.2 
3: package ‘tidyr’ was built under R version 4.5.2 
4: package ‘readr’ was built under R version 4.5.2 
5: package ‘purrr’ was built under R version 4.5.2 
6: package ‘dplyr’ was built under R version 4.5.2 
7: package ‘lubridate’ was built under R version 4.5.2 
Found existing results: 1 unique run keys
[1/400] SKIP combo=1 strategy=bonus_oriented risk=Lc model=original rep=1
[2/400] RUN  combo=1 strategy=bonus_oriented schema=50.0 final=45.0 risk=Lc model=original rep=2
   schemaID payoff       author familirarity new     type    mean0    modvar
1         1      3         Dali   0.38831615   0     same 24.40044  5.181766
2         2      4   Ciurlionis   0.04467354   0     same 26.22741 11.119184
3         3      5    Velazquez   0.07903780   0     same 38.11269  9.358036
4         4      2      Hokusai   0.07903780   0 replaced 12.30301  4.169478
5         5      5      VanGogh   0.61512027   0 replaced 29.88508 10.267338
6         6      6   Botticelli   0.21993127   0 replaced 47.54526 18.835428
7         7      6     Munkacsy   0.02061856   0     same 50.91984 22.174501
8         8      2      Picasso   0.56013746   0     same 22.92547 17.184978
9         9      4      DaVinci   0.53608247   0 replaced 29.58978 10.619671
10       10      3      Chagall   0.08591065   0 replaced 21.77355  3.720593
11       11      4        Monet   0.46391753   1      new 21.04767 12.204786
12       12      5        Munch   0.19587629   1      new 26.43938 10.822128
13       13      2      OKeeffe   0.07216495   1      new 18.27658 14.902940
14       14      3 Michelangelo   0.38487973   1      new 19.82445  5.696561
15       15      6         Goya   0.16151203   1      new 49.52131 32.193376
[1] "Subject: 1 Round: 1 Time: 0"
[1] "break_happens: 0 risk: low type: Lc"
